Connecting to PostgreSQL (Supabase)...
Using Supabase PostgreSQL. Running auto-migration for missing columns...
{
  severity_local: "NOTICE",
  severity: "NOTICE",
  code: "42701",
  message: "column \"email\" of relation \"users\" already exists, skipping",
  file: "tablecmds.c",
  line: "7471",
  routine: "check_for_column_name_collision",
}
Migrated: users.email
{
  severity_local: "NOTICE",
  severity: "NOTICE",
  code: "42701",
  message: "column \"display_name\" of relation \"users\" already exists, skipping",
  file: "tablecmds.c",
  line: "7471",
  routine: "check_for_column_name_collision",
}
Migrated: users.display_name
{
  severity_local: "NOTICE",
  severity: "NOTICE",
  code: "42701",
  message: "column \"avatar_url\" of relation \"users\" already exists, skipping",
  file: "tablecmds.c",
  line: "7471",
  routine: "check_for_column_name_collision",
}
Migrated: users.avatar_url
{
  severity_local: "NOTICE",
  severity: "NOTICE",
  code: "42701",
  message: "column \"is_banned\" of relation \"users\" already exists, skipping",
  file: "tablecmds.c",
  line: "7471",
  routine: "check_for_column_name_collision",
}
Migrated: users.is_banned
{
  severity_local: "NOTICE",
  severity: "NOTICE",
  code: "42701",
  message: "column \"popularity\" of relation \"manga\" already exists, skipping",
  file: "tablecmds.c",
  line: "7471",
  routine: "check_for_column_name_collision",
}
Migrated: manga columns
{
  severity_local: "NOTICE",
  severity: "NOTICE",
  code: "42701",
  message: "column \"is_spoiler\" of relation \"comments\" already exists, skipping",
  file: "tablecmds.c",
  line: "7471",
  routine: "check_for_column_name_collision",
}
{
  severity_local: "NOTICE",
  severity: "NOTICE",
  code: "42701",
  message: "column \"media_url\" of relation \"comments\" already exists, skipping",
  file: "tablecmds.c",
  line: "7471",
  routine: "check_for_column_name_collision",
}
Migrated: comments columns
Database initialized
Server is running at 0.0.0.0:3002
Started development server: http://0.0.0.0:3002
<-- POST /api/comments
--> POST /api/comments [32m200[0m 564ms
<-- PUT /api/comments/34
--> PUT /api/comments/34 [32m200[0m 260ms
<-- DELETE /api/comments/34
--> DELETE /api/comments/34 [32m200[0m 213ms
